In file included from [01m[K/home/teemty/B-spline-demo/demo_ws/src/cpp_bs_demo/src/publisher.cpp:6[m[K:
[01m[K/home/teemty/B-spline-demo/demo_ws/src/cpp_bs_demo/src/spline.hpp:[m[K In constructor â€˜[01m[KBspline::[01;32m[KBspline[m[K(const std::shared_ptr<const cpp_bs_demo_interfaces::msg::Trajectory_<std::allocator<void> > >&)[m[Kâ€™:
[01m[K/home/teemty/B-spline-demo/demo_ws/src/cpp_bs_demo/src/spline.hpp:113:31:[m[K [01;35m[Kwarning: [m[Kcomparison of integer expressions of different signedness: â€˜[01m[Kint[m[Kâ€™ and â€˜[01m[Ksize_t[m[Kâ€™ {aka â€˜[01m[Klong unsigned int[m[Kâ€™} [[01;35m[K]8;;https://gcc.gnu.org/onlinedocs/gcc/Warning-Options.html#index-Wsign-compare-Wsign-compare]8;;[m[K]
  113 |             for (int i = 0; [01;35m[Ki < expected_u[m[K; ++i) {
      |                             [01;35m[K~~^~~~~~~~~~~~[m[K
In file included from [01m[K/home/teemty/B-spline-demo/demo_ws/src/cpp_bs_demo/src/publisher.cpp:20[m[K:
[01m[K/home/teemty/B-spline-demo/demo_ws/src/cpp_bs_demo/src/spline.hpp:[m[K At global scope:
[01m[K/home/teemty/B-spline-demo/demo_ws/src/cpp_bs_demo/src/spline.hpp:17:7:[m[K [01;31m[Kerror: [m[Kredefinition of â€˜[01m[Kclass Bspline[m[Kâ€™
   17 | class [01;31m[KBspline[m[K{
      |       [01;31m[K^~~~~~~[m[K
[01m[K/home/teemty/B-spline-demo/demo_ws/src/cpp_bs_demo/src/spline.hpp:17:7:[m[K [01;36m[Knote: [m[Kprevious definition of â€˜[01m[Kclass Bspline[m[Kâ€™
   17 | class [01;36m[KBspline[m[K{
      |       [01;36m[K^~~~~~~[m[K
gmake[2]: *** [CMakeFiles/point_generator.dir/build.make:76: CMakeFiles/point_generator.dir/src/publisher.cpp.o] Error 1
gmake[1]: *** [CMakeFiles/Makefile2:137: CMakeFiles/point_generator.dir/all] Error 2
gmake: *** [Makefile:146: all] Error 2
