-- Found ament_cmake: 2.5.4 (/opt/ros/jazzy/share/ament_cmake/cmake)
-- Found rclcpp: 28.1.9 (/opt/ros/jazzy/share/rclcpp/cmake)
-- Found rosidl_generator_c: 4.6.5 (/opt/ros/jazzy/share/rosidl_generator_c/cmake)
-- Found rosidl_generator_cpp: 4.6.5 (/opt/ros/jazzy/share/rosidl_generator_cpp/cmake)
-- Using all available rosidl_typesupport_c: rosidl_typesupport_fastrtps_c;rosidl_typesupport_introspection_c
-- Using all available rosidl_typesupport_cpp: rosidl_typesupport_fastrtps_cpp;rosidl_typesupport_introspection_cpp
-- Found rmw_implementation_cmake: 7.3.2 (/opt/ros/jazzy/share/rmw_implementation_cmake/cmake)
-- Found rmw_fastrtps_cpp: 8.4.2 (/opt/ros/jazzy/share/rmw_fastrtps_cpp/cmake)
-- Using RMW implementation 'rmw_fastrtps_cpp' as default
-- Found std_msgs: 5.3.6 (/opt/ros/jazzy/share/std_msgs/cmake)
-- Found geometry_msgs: 5.3.6 (/opt/ros/jazzy/share/geometry_msgs/cmake)
-- Found cpp_bs_demo_interfaces: 0.0.0 (/home/teemty/B-spline-demo/demo_ws/install/cpp_bs_demo_interfaces/share/cpp_bs_demo_interfaces/cmake)
-- Found nav_msgs: 5.3.6 (/opt/ros/jazzy/share/nav_msgs/cmake)
-- Found visualization_msgs: 5.3.6 (/opt/ros/jazzy/share/visualization_msgs/cmake)
-- Found ament_lint_auto: 0.17.2 (/opt/ros/jazzy/share/ament_lint_auto/cmake)
-- Added test 'cppcheck' to perform static code analysis on C / C++ code
-- Configured cppcheck include dirs: 
-- Configured cppcheck exclude dirs and/or files: 
-- Added test 'lint_cmake' to check CMake code style
-- Added test 'uncrustify' to check C / C++ code style
-- Configured uncrustify additional arguments: 
-- Added test 'xmllint' to check XML markup files
-- Configuring done (0.4s)
-- Generating done (0.0s)
-- Build files have been written to: /home/teemty/B-spline-demo/demo_ws/build/cpp_bs_demo
[ 50%] [32mBuilding CXX object CMakeFiles/point_generator.dir/src/publisher.cpp.o[0m
In file included from [01m[K/home/teemty/B-spline-demo/demo_ws/src/cpp_bs_demo/src/publisher.cpp:6[m[K:
[01m[K/home/teemty/B-spline-demo/demo_ws/src/cpp_bs_demo/src/spline.hpp:[m[K In constructor â€˜[01m[KBspline::[01;32m[KBspline[m[K(const std::shared_ptr<const cpp_bs_demo_interfaces::msg::Trajectory_<std::allocator<void> > >&)[m[Kâ€™:
[01m[K/home/teemty/B-spline-demo/demo_ws/src/cpp_bs_demo/src/spline.hpp:113:31:[m[K [01;35m[Kwarning: [m[Kcomparison of integer expressions of different signedness: â€˜[01m[Kint[m[Kâ€™ and â€˜[01m[Ksize_t[m[Kâ€™ {aka â€˜[01m[Klong unsigned int[m[Kâ€™} [[01;35m[K]8;;https://gcc.gnu.org/onlinedocs/gcc/Warning-Options.html#index-Wsign-compare-Wsign-compare]8;;[m[K]
  113 |             for (int i = 0; [01;35m[Ki < expected_u[m[K; ++i) {
      |                             [01;35m[K~~^~~~~~~~~~~~[m[K
In file included from [01m[K/home/teemty/B-spline-demo/demo_ws/src/cpp_bs_demo/src/publisher.cpp:20[m[K:
[01m[K/home/teemty/B-spline-demo/demo_ws/src/cpp_bs_demo/src/spline.hpp:[m[K At global scope:
[01m[K/home/teemty/B-spline-demo/demo_ws/src/cpp_bs_demo/src/spline.hpp:17:7:[m[K [01;31m[Kerror: [m[Kredefinition of â€˜[01m[Kclass Bspline[m[Kâ€™
   17 | class [01;31m[KBspline[m[K{
      |       [01;31m[K^~~~~~~[m[K
[01m[K/home/teemty/B-spline-demo/demo_ws/src/cpp_bs_demo/src/spline.hpp:17:7:[m[K [01;36m[Knote: [m[Kprevious definition of â€˜[01m[Kclass Bspline[m[Kâ€™
   17 | class [01;36m[KBspline[m[K{
      |       [01;36m[K^~~~~~~[m[K
gmake[2]: *** [CMakeFiles/point_generator.dir/build.make:76: CMakeFiles/point_generator.dir/src/publisher.cpp.o] Error 1
gmake[1]: *** [CMakeFiles/Makefile2:137: CMakeFiles/point_generator.dir/all] Error 2
gmake: *** [Makefile:146: all] Error 2
