[ 50%] [32mBuilding CXX object CMakeFiles/point_generator.dir/src/publisher.cpp.o[0m
[01m[K/home/teemty/B-spline-demo/demo_ws/src/cpp_bs_demo/src/publisher.cpp:[m[K In constructor â€˜[01m[KSplinePublisher::[01;32m[KSplinePublisher[m[K()[m[Kâ€™:
[01m[K/home/teemty/B-spline-demo/demo_ws/src/cpp_bs_demo/src/publisher.cpp:35:7:[m[K [01;31m[Kerror: [m[Kexpected â€˜[01m[K}[m[Kâ€™ before â€˜[01m[K{[m[Kâ€™ token
   35 |       [01;31m[K{[m[K7, 5, 0}
      |       [01;31m[K^[m[K
[01m[K/home/teemty/B-spline-demo/demo_ws/src/cpp_bs_demo/src/publisher.cpp:23:6:[m[K [01;36m[Knote: [m[Kto match this â€˜[01m[K{[m[Kâ€™
   23 |      [01;36m[K{[m[K
      |      [01;36m[K^[m[K
[01m[K/home/teemty/B-spline-demo/demo_ws/src/cpp_bs_demo/src/publisher.cpp:35:7:[m[K [01;31m[Kerror: [m[Kexpected â€˜[01m[K,[m[Kâ€™ or â€˜[01m[K;[m[Kâ€™ before â€˜[01m[K{[m[Kâ€™ token
   35 |       [01;31m[K{[m[K7, 5, 0}
      |       [01;31m[K^[m[K
gmake[2]: *** [CMakeFiles/point_generator.dir/build.make:76: CMakeFiles/point_generator.dir/src/publisher.cpp.o] Error 1
gmake[1]: *** [CMakeFiles/Makefile2:137: CMakeFiles/point_generator.dir/all] Error 2
gmake: *** [Makefile:146: all] Error 2
