[ 50%] [32mBuilding CXX object CMakeFiles/point_generator.dir/src/publisher.cpp.o[0m
[01m[K/home/teemty/B-spline-demo/demo_ws/src/cpp_bs_demo/src/publisher.cpp:[m[K In member function â€˜[01m[Kvoid SplinePublisher::[01;32m[Kpublish_all[m[K()[m[Kâ€™:
[01m[K/home/teemty/B-spline-demo/demo_ws/src/cpp_bs_demo/src/publisher.cpp:72:26:[m[K [01;31m[Kerror: [m[Kâ€˜[01m[Kctrl_pts[m[Kâ€™ was not declared in this scope; did you mean â€˜[01m[Kctrl_pts_[m[Kâ€™?
   72 |      for (int i = 0; i < [01;31m[Kctrl_pts[m[K.cols(); ++i) {
      |                          [01;31m[K^~~~~~~~[m[K
      |                          [32m[Kctrl_pts_[m[K
gmake[2]: *** [CMakeFiles/point_generator.dir/build.make:76: CMakeFiles/point_generator.dir/src/publisher.cpp.o] Error 1
gmake[1]: *** [CMakeFiles/Makefile2:137: CMakeFiles/point_generator.dir/all] Error 2
gmake: *** [Makefile:146: all] Error 2
