[0.007s] Invoking command in '/home/teemty/B-spline-demo/demo_ws/build/cpp_bs_demo': CMAKE_PREFIX_PATH=/home/teemty/B-spline-demo/demo_ws/install/cpp_bs_demo_interfaces:/home/teemty/B-spline-demo/demo_ws/install/cpp_bs_demo:/opt/ros/jazzy/opt/gz_math_vendor:/opt/ros/jazzy/opt/gz_utils_vendor:/opt/ros/jazzy/opt/gz_cmake_vendor:/opt/ros/jazzy DEBUGINFOD_URLS=https://debuginfod.ubuntu.com /usr/bin/cmake --build /home/teemty/B-spline-demo/demo_ws/build/cpp_bs_demo -- -j8 -l8
[0.044s] [ 50%] [32mBuilding CXX object CMakeFiles/point_generator.dir/src/publisher.cpp.o[0m
[1.608s] [01m[K/home/teemty/B-spline-demo/demo_ws/src/cpp_bs_demo/src/publisher.cpp:[m[K In member function â€˜[01m[Kvoid SplinePublisher::[01;32m[Kpublish_all[m[K()[m[Kâ€™:
[1.608s] [01m[K/home/teemty/B-spline-demo/demo_ws/src/cpp_bs_demo/src/publisher.cpp:72:26:[m[K [01;31m[Kerror: [m[Kâ€˜[01m[Kctrl_pts[m[Kâ€™ was not declared in this scope; did you mean â€˜[01m[Kctrl_pts_[m[Kâ€™?
[1.608s]    72 |      for (int i = 0; i < [01;31m[Kctrl_pts[m[K.cols(); ++i) {
[1.608s]       |                          [01;31m[K^~~~~~~~[m[K
[1.608s]       |                          [32m[Kctrl_pts_[m[K
[2.701s] gmake[2]: *** [CMakeFiles/point_generator.dir/build.make:76: CMakeFiles/point_generator.dir/src/publisher.cpp.o] Error 1
[2.701s] gmake[1]: *** [CMakeFiles/Makefile2:137: CMakeFiles/point_generator.dir/all] Error 2
[2.701s] gmake: *** [Makefile:146: all] Error 2
[2.703s] Invoked command in '/home/teemty/B-spline-demo/demo_ws/build/cpp_bs_demo' returned '2': CMAKE_PREFIX_PATH=/home/teemty/B-spline-demo/demo_ws/install/cpp_bs_demo_interfaces:/home/teemty/B-spline-demo/demo_ws/install/cpp_bs_demo:/opt/ros/jazzy/opt/gz_math_vendor:/opt/ros/jazzy/opt/gz_utils_vendor:/opt/ros/jazzy/opt/gz_cmake_vendor:/opt/ros/jazzy DEBUGINFOD_URLS=https://debuginfod.ubuntu.com /usr/bin/cmake --build /home/teemty/B-spline-demo/demo_ws/build/cpp_bs_demo -- -j8 -l8
