<?xml version="1.0" encoding="UTF-8"?>
<Site BuildName="(empty)"
	BuildStamp="20250510-0631-Experimental"
	Name="teemty-computer"
	Generator="ctest-3.28.3"
	CompilerName="/usr/bin/g++"
	CompilerVersion="13.3.0"
	OSName="Linux"
	Hostname="teemty-computer"
	OSRelease="6.11.0-25-generic"
	OSVersion="#25~24.04.1-Ubuntu SMP PREEMPT_DYNAMIC Tue Apr 15 17:20:50 UTC 2"
	OSPlatform="x86_64"
	Is64Bits="1"
	VendorString="GenuineIntel"
	VendorID="Intel Corporation"
	FamilyID="6"
	ModelID="189"
	ProcessorCacheSize="12288"
	NumberOfLogicalCPU="8"
	NumberOfPhysicalCPU="8"
	TotalVirtualMemory="8191"
	TotalPhysicalMemory="31620"
	LogicalProcessorsPerPhysical="1"
	ProcessorClockFrequency="3387.78"
	>
	<Testing>
		<StartDateTime>May 10 02:47 EDT</StartDateTime>
		<StartTestTime>1746859641</StartTestTime>
		<TestList/>
		<EndDateTime>May 10 02:47 EDT</EndDateTime>
		<EndTestTime>1746859641</EndTestTime>
		<ElapsedMinutes>0</ElapsedMinutes>
	</Testing>
</Site>
